<?xml version="1.0" encoding="UTF-8"?>
<testsuite xmlns:xsi="http://www.w3.org/2001/XMLSchema-instance" xsi:noNamespaceSchemaLocation="https://maven.apache.org/surefire/maven-surefire-plugin/xsd/surefire-test-report-3.0.xsd" version="3.0" name="com.tienda.TiendaApplicationTests" time="2.201" tests="1" errors="0" skipped="0" failures="0">
  <properties>
[...]
</properties>
  <testcase name="contextLoads" classname="com.tienda.TiendaApplicationTests" time="0.659">
    <system-out><![CDATA[19:43:17.962 [main] INFO org.springframework.test.context.support.AnnotationConfigContextLoaderUtils -- Could not detect default configuration classes for test class [com.tienda.TiendaApplicationTests]: TiendaApplicationTests does not declare any static, non-private, non-final, nested classes annotated with @Configuration.
19:43:18.042 [main] INFO org.springframework.boot.test.context.SpringBootTestContextBootstrapper -- Found @SpringBootConfiguration com.tienda.TiendaApplication for test class com.tienda.TiendaApplicationTests
19:43:18.172 [main] INFO org.springframework.boot.devtools.restart.RestartApplicationListener -- Restart disabled due to context in which it is running

  .   ____          _            __ _ _
 /\\ / ___'_ __ _ _(_)_ __  __ _ \ \ \ \
( ( )\___ | '_ | '_| | '_ \/ _` | \ \ \ \
 \\/  ___)| |_)| | | | | || (_| |  ) ) ) )
  '  |____| .__|_| |_|_| |_\__, | / / / /
 =========|_|==============|___/=/_/_/_/

 :: Spring Boot ::                (v3.3.4)

2024-09-26T19:43:18.362-06:00  INFO 27204 --- [Tienda] [           main] com.tienda.TiendaApplicationTests        : Starting TiendaApplicationTests using Java 19.0.2 with PID 27204 (started by boyha in C:\dev\Tienda)
2024-09-26T19:43:18.362-06:00  INFO 27204 --- [Tienda] [           main] com.tienda.TiendaApplicationTests        : No active profile set, falling back to 1 default profile: "default"
2024-09-26T19:43:19.330-06:00  WARN 27204 --- [Tienda] [           main] ion$DefaultTemplateResolverConfiguration : Cannot find template location: classpath:/templates/ (please add some templates, check your Thymeleaf configuration, or set spring.thymeleaf.check-template-location=false)
2024-09-26T19:43:19.366-06:00  INFO 27204 --- [Tienda] [           main] com.tienda.TiendaApplicationTests        : Started TiendaApplicationTests in 1.205 seconds (process running for 1.948)
]]></system-out>
  </testcase>
</testsuite>